lib/scheduling/tests/utils.test.ts(322,31): error TS2352: Conversion of type '{ days: { dayOfWeek: number; blocks: never[]; }[]; }' to type 'WeekSchedule' may be a mistake because neither type sufficiently overlaps with the other. If this was intentional, convert the expression to 'unknown' first.
  Property 'timezone' is missing in type '{ days: { dayOfWeek: number; blocks: never[]; }[]; }' but required in type 'WeekSchedule'.
lib/scheduling/tests/utils.test.ts(409,14): error TS2532: Object is possibly 'undefined'.
lib/scheduling/tests/utils.test.ts(409,46): error TS2532: Object is possibly 'undefined'.
lib/scheduling/tests/utils.test.ts(410,14): error TS2532: Object is possibly 'undefined'.
lib/scheduling/tests/utils.test.ts(410,49): error TS2532: Object is possibly 'undefined'.
lib/scheduling/tests/utils.test.ts(416,7): error TS2532: Object is possibly 'undefined'.
lib/scheduling/tests/utils.test.ts(416,7): error TS2532: Object is possibly 'undefined'.
lib/scheduling/tests/utils.test.ts(417,14): error TS2532: Object is possibly 'undefined'.
lib/scheduling/tests/utils.test.ts(417,14): error TS2532: Object is possibly 'undefined'.
lib/test/schedule-utils.test.ts(46,14): error TS2532: Object is possibly 'undefined'.
lib/test/schedule-utils.test.ts(47,14): error TS2532: Object is possibly 'undefined'.
lib/test/schedule-utils.test.ts(48,14): error TS2532: Object is possibly 'undefined'.
lib/test/schedule-utils.test.ts(49,14): error TS2532: Object is possibly 'undefined'.
lib/test/schedule-utils.test.ts(52,14): error TS2532: Object is possibly 'undefined'.
lib/test/schedule-utils.test.ts(53,14): error TS2532: Object is possibly 'undefined'.
lib/test/schedule-utils.test.ts(54,14): error TS2532: Object is possibly 'undefined'.
lib/test/schedule-utils.test.ts(55,14): error TS2532: Object is possibly 'undefined'.
lib/test/schedule-utils.test.ts(75,14): error TS2532: Object is possibly 'undefined'.
lib/test/schedule-utils.test.ts(76,14): error TS2532: Object is possibly 'undefined'.
lib/test/schedule-utils.test.ts(79,14): error TS2532: Object is possibly 'undefined'.
lib/test/schedule-utils.test.ts(80,14): error TS2532: Object is possibly 'undefined'.
lib/test/schedule-utils.test.ts(83,14): error TS2532: Object is possibly 'undefined'.
lib/test/schedule-utils.test.ts(84,14): error TS2532: Object is possibly 'undefined'.
lib/test/schedule-utils.test.ts(101,14): error TS2532: Object is possibly 'undefined'.
lib/test/schedule-utils.test.ts(102,14): error TS2532: Object is possibly 'undefined'.
lib/test/schedule-utils.test.ts(103,14): error TS2532: Object is possibly 'undefined'.
lib/test/schedule-utils.test.ts(104,14): error TS2532: Object is possibly 'undefined'.
lib/test/schedule-utils.test.ts(105,14): error TS2532: Object is possibly 'undefined'.
lib/test/schedule-utils.test.ts(106,14): error TS2532: Object is possibly 'undefined'.
lib/test/schedule-utils.test.ts(107,14): error TS2532: Object is possibly 'undefined'.
lib/test/schedule-utils.test.ts(110,14): error TS2532: Object is possibly 'undefined'.
lib/test/schedule-utils.test.ts(111,14): error TS2532: Object is possibly 'undefined'.
lib/test/schedule-utils.test.ts(169,14): error TS2532: Object is possibly 'undefined'.
lib/test/schedule-utils.test.ts(170,14): error TS2532: Object is possibly 'undefined'.
lib/test/schedule-utils.test.ts(171,14): error TS2532: Object is possibly 'undefined'.
lib/test/schedule-utils.test.ts(190,14): error TS2532: Object is possibly 'undefined'.
lib/test/schedule-utils.test.ts(191,14): error TS2532: Object is possibly 'undefined'.
lib/test/schedule-utils.test.ts(192,14): error TS2532: Object is possibly 'undefined'.
lib/test/schedule-utils.test.ts(193,14): error TS2532: Object is possibly 'undefined'.
lib/test/schedule-utils.test.ts(197,13): error TS2740: Type '{ Monday: { start: Time; end: Time; }[]; }' is missing the following properties from type 'Schedule': Tuesday, Wednesday, Thursday, Friday, and 2 more.
lib/test/schedule-utils.test.ts(207,14): error TS2532: Object is possibly 'undefined'.
lib/test/schedule-utils.test.ts(208,14): error TS2532: Object is possibly 'undefined'.
lib/test/schedule-utils.test.ts(212,9): error TS2532: Object is possibly 'undefined'.
lib/test/schedule-utils.test.ts(249,9): error TS2532: Object is possibly 'undefined'.
lib/test/schedule-utils.test.ts(273,14): error TS2532: Object is possibly 'undefined'.
lib/test/schedule-utils.test.ts(274,14): error TS2532: Object is possibly 'undefined'.
lib/test/schedule-utils.test.ts(275,14): error TS2532: Object is possibly 'undefined'.
lib/test/schedule-utils.test.ts(276,14): error TS2532: Object is possibly 'undefined'.
lib/test/types.test.ts(259,13): error TS2740: Type '{ Monday: { start: Time; end: Time; }[]; }' is missing the following properties from type 'Schedule': Tuesday, Wednesday, Thursday, Friday, and 2 more.
lib/test/types.test.ts(351,13): error TS2740: Type '{}' is missing the following properties from type 'Schedule': Monday, Tuesday, Wednesday, Thursday, and 3 more.
src/hooks/useScheduleDemo.tsx(54,7): error TS2532: Object is possibly 'undefined'.
src/test/e2e-disabled/scheduling.spec.ts(198,36): error TS2532: Object is possibly 'undefined'.
src/test/e2e-disabled/scheduling.spec.ts(204,29): error TS2532: Object is possibly 'undefined'.
src/test/e2e-disabled/scheduling.spec.ts(204,52): error TS2532: Object is possibly 'undefined'.
src/test/e2e-disabled/scheduling.spec.ts(221,17): error TS2769: No overload matches this call.
  Overload 1 of 5, '(condition: boolean, description?: string | undefined): void', gave the following error.
    Argument of type 'string' is not assignable to parameter of type 'boolean'.
  Overload 2 of 5, '(callback: ConditionBody<PlaywrightTestArgs & PlaywrightTestOptions & PlaywrightWorkerArgs & PlaywrightWorkerOptions>, description?: string | undefined): void', gave the following error.
    Argument of type 'string' is not assignable to parameter of type 'ConditionBody<PlaywrightTestArgs & PlaywrightTestOptions & PlaywrightWorkerArgs & PlaywrightWorkerOptions>'.
src/test/integration/api.test.ts(451,14): error TS2532: Object is possibly 'undefined'.
src/test/integration/break-requirements.test.ts(23,3): error TS2353: Object literal may only specify known properties, and 'bsched' does not exist in type 'StudentSchedule'.
src/test/integration/break-requirements.test.ts(43,22): error TS2739: Type '{ hour: number; minute: number; }' is missing the following properties from type 'Time': greaterThan, lessThan, geq, leq, equals
src/test/integration/break-requirements.test.ts(43,53): error TS2739: Type '{ hour: number; minute: number; }' is missing the following properties from type 'Time': greaterThan, lessThan, geq, leq, equals
src/test/integration/break-requirements.test.ts(60,36): error TS2345: Argument of type '{ Monday: { start: { hour: number; minute: number; }; end: { hour: number; minute: number; }; }[]; Tuesday: never[]; Wednesday: never[]; Thursday: never[]; Friday: never[]; Saturday: never[]; Sunday: never[]; }' is not assignable to parameter of type 'Schedule'.
  Types of property 'Monday' are incompatible.
    Type '{ start: { hour: number; minute: number; }; end: { hour: number; minute: number; }; }[]' is not assignable to type 'BlockOfTime[]'.
      Type '{ start: { hour: number; minute: number; }; end: { hour: number; minute: number; }; }' is not assignable to type 'BlockOfTime'.
        Types of property 'start' are incompatible.
          Type '{ hour: number; minute: number; }' is missing the following properties from type 'Time': greaterThan, lessThan, geq, leq, equals
src/test/integration/break-requirements.test.ts(113,22): error TS2739: Type '{ hour: number; minute: number; }' is missing the following properties from type 'Time': greaterThan, lessThan, geq, leq, equals
src/test/integration/break-requirements.test.ts(113,54): error TS2739: Type '{ hour: number; minute: number; }' is missing the following properties from type 'Time': greaterThan, lessThan, geq, leq, equals
src/test/integration/break-requirements.test.ts(130,36): error TS2345: Argument of type '{ Monday: { start: { hour: number; minute: number; }; end: { hour: number; minute: number; }; }[]; Tuesday: never[]; Wednesday: never[]; Thursday: never[]; Friday: never[]; Saturday: never[]; Sunday: never[]; }' is not assignable to parameter of type 'Schedule'.
  Types of property 'Monday' are incompatible.
    Type '{ start: { hour: number; minute: number; }; end: { hour: number; minute: number; }; }[]' is not assignable to type 'BlockOfTime[]'.
      Type '{ start: { hour: number; minute: number; }; end: { hour: number; minute: number; }; }' is not assignable to type 'BlockOfTime'.
        Types of property 'start' are incompatible.
          Type '{ hour: number; minute: number; }' is missing the following properties from type 'Time': greaterThan, lessThan, geq, leq, equals
src/test/integration/break-requirements.test.ts(151,22): error TS2739: Type '{ hour: number; minute: number; }' is missing the following properties from type 'Time': greaterThan, lessThan, geq, leq, equals
src/test/integration/break-requirements.test.ts(151,53): error TS2739: Type '{ hour: number; minute: number; }' is missing the following properties from type 'Time': greaterThan, lessThan, geq, leq, equals
src/test/integration/break-requirements.test.ts(168,36): error TS2345: Argument of type '{ Monday: { start: { hour: number; minute: number; }; end: { hour: number; minute: number; }; }[]; Tuesday: never[]; Wednesday: never[]; Thursday: never[]; Friday: never[]; Saturday: never[]; Sunday: never[]; }' is not assignable to parameter of type 'Schedule'.
  Types of property 'Monday' are incompatible.
    Type '{ start: { hour: number; minute: number; }; end: { hour: number; minute: number; }; }[]' is not assignable to type 'BlockOfTime[]'.
      Type '{ start: { hour: number; minute: number; }; end: { hour: number; minute: number; }; }' is not assignable to type 'BlockOfTime'.
        Types of property 'start' are incompatible.
          Type '{ hour: number; minute: number; }' is missing the following properties from type 'Time': greaterThan, lessThan, geq, leq, equals
src/test/integration/break-requirements.test.ts(180,45): error TS18048: 'current' is possibly 'undefined'.
src/test/integration/break-requirements.test.ts(181,44): error TS18048: 'next' is possibly 'undefined'.
src/test/integration/break-requirements.test.ts(204,22): error TS2739: Type '{ hour: number; minute: number; }' is missing the following properties from type 'Time': greaterThan, lessThan, geq, leq, equals
src/test/integration/break-requirements.test.ts(204,53): error TS2739: Type '{ hour: number; minute: number; }' is missing the following properties from type 'Time': greaterThan, lessThan, geq, leq, equals
src/test/integration/break-requirements.test.ts(205,23): error TS2739: Type '{ hour: number; minute: number; }' is missing the following properties from type 'Time': greaterThan, lessThan, geq, leq, equals
src/test/integration/break-requirements.test.ts(205,54): error TS2739: Type '{ hour: number; minute: number; }' is missing the following properties from type 'Time': greaterThan, lessThan, geq, leq, equals
src/test/integration/break-requirements.test.ts(222,36): error TS2345: Argument of type '{ Monday: { start: { hour: number; minute: number; }; end: { hour: number; minute: number; }; }[]; Tuesday: { start: { hour: number; minute: number; }; end: { hour: number; minute: number; }; }[]; Wednesday: never[]; Thursday: never[]; Friday: never[]; Saturday: never[]; Sunday: never[]; }' is not assignable to parameter of type 'Schedule'.
  Types of property 'Monday' are incompatible.
    Type '{ start: { hour: number; minute: number; }; end: { hour: number; minute: number; }; }[]' is not assignable to type 'BlockOfTime[]'.
      Type '{ start: { hour: number; minute: number; }; end: { hour: number; minute: number; }; }' is not assignable to type 'BlockOfTime'.
        Types of property 'start' are incompatible.
          Type '{ hour: number; minute: number; }' is missing the following properties from type 'Time': greaterThan, lessThan, geq, leq, equals
src/test/integration/break-requirements.test.ts(271,22): error TS2739: Type '{ hour: number; minute: number; }' is missing the following properties from type 'Time': greaterThan, lessThan, geq, leq, equals
src/test/integration/break-requirements.test.ts(271,53): error TS2739: Type '{ hour: number; minute: number; }' is missing the following properties from type 'Time': greaterThan, lessThan, geq, leq, equals
src/test/integration/break-requirements.test.ts(288,36): error TS2345: Argument of type '{ Monday: { start: { hour: number; minute: number; }; end: { hour: number; minute: number; }; }[]; Tuesday: never[]; Wednesday: never[]; Thursday: never[]; Friday: never[]; Saturday: never[]; Sunday: never[]; }' is not assignable to parameter of type 'Schedule'.
  Types of property 'Monday' are incompatible.
    Type '{ start: { hour: number; minute: number; }; end: { hour: number; minute: number; }; }[]' is not assignable to type 'BlockOfTime[]'.
      Type '{ start: { hour: number; minute: number; }; end: { hour: number; minute: number; }; }' is not assignable to type 'BlockOfTime'.
        Types of property 'start' are incompatible.
          Type '{ hour: number; minute: number; }' is missing the following properties from type 'Time': greaterThan, lessThan, geq, leq, equals
src/test/integration/break-requirements.test.ts(313,22): error TS2739: Type '{ hour: number; minute: number; }' is missing the following properties from type 'Time': greaterThan, lessThan, geq, leq, equals
src/test/integration/break-requirements.test.ts(313,53): error TS2739: Type '{ hour: number; minute: number; }' is missing the following properties from type 'Time': greaterThan, lessThan, geq, leq, equals
src/test/integration/break-requirements.test.ts(325,22): error TS2739: Type '{ hour: number; minute: number; }' is missing the following properties from type 'Time': greaterThan, lessThan, geq, leq, equals
src/test/integration/break-requirements.test.ts(325,53): error TS2739: Type '{ hour: number; minute: number; }' is missing the following properties from type 'Time': greaterThan, lessThan, geq, leq, equals
src/test/integration/break-requirements.test.ts(341,36): error TS2345: Argument of type '{ Monday: { start: { hour: number; minute: number; }; end: { hour: number; minute: number; }; }[]; Tuesday: never[]; Wednesday: never[]; Thursday: never[]; Friday: never[]; Saturday: never[]; Sunday: never[]; }' is not assignable to parameter of type 'Schedule'.
  Types of property 'Monday' are incompatible.
    Type '{ start: { hour: number; minute: number; }; end: { hour: number; minute: number; }; }[]' is not assignable to type 'BlockOfTime[]'.
      Type '{ start: { hour: number; minute: number; }; end: { hour: number; minute: number; }; }' is not assignable to type 'BlockOfTime'.
        Types of property 'start' are incompatible.
          Type '{ hour: number; minute: number; }' is missing the following properties from type 'Time': greaterThan, lessThan, geq, leq, equals
src/test/integration/break-requirements.test.ts(392,22): error TS2739: Type '{ hour: number; minute: number; }' is missing the following properties from type 'Time': greaterThan, lessThan, geq, leq, equals
src/test/integration/break-requirements.test.ts(392,54): error TS2739: Type '{ hour: number; minute: number; }' is missing the following properties from type 'Time': greaterThan, lessThan, geq, leq, equals
src/test/integration/break-requirements.test.ts(408,36): error TS2345: Argument of type '{ Monday: { start: { hour: number; minute: number; }; end: { hour: number; minute: number; }; }[]; Tuesday: never[]; Wednesday: never[]; Thursday: never[]; Friday: never[]; Saturday: never[]; Sunday: never[]; }' is not assignable to parameter of type 'Schedule'.
  Types of property 'Monday' are incompatible.
    Type '{ start: { hour: number; minute: number; }; end: { hour: number; minute: number; }; }[]' is not assignable to type 'BlockOfTime[]'.
      Type '{ start: { hour: number; minute: number; }; end: { hour: number; minute: number; }; }' is not assignable to type 'BlockOfTime'.
        Types of property 'start' are incompatible.
          Type '{ hour: number; minute: number; }' is missing the following properties from type 'Time': greaterThan, lessThan, geq, leq, equals
src/test/integration/break-requirements.test.ts(418,21): error TS2532: Object is possibly 'undefined'.
src/test/integration/break-requirements.test.ts(418,46): error TS2532: Object is possibly 'undefined'.
src/test/integration/break-requirements.test.ts(434,22): error TS2739: Type '{ hour: number; minute: number; }' is missing the following properties from type 'Time': greaterThan, lessThan, geq, leq, equals
src/test/integration/break-requirements.test.ts(434,53): error TS2739: Type '{ hour: number; minute: number; }' is missing the following properties from type 'Time': greaterThan, lessThan, geq, leq, equals
src/test/integration/break-requirements.test.ts(450,36): error TS2345: Argument of type '{ Monday: { start: { hour: number; minute: number; }; end: { hour: number; minute: number; }; }[]; Tuesday: never[]; Wednesday: never[]; Thursday: never[]; Friday: never[]; Saturday: never[]; Sunday: never[]; }' is not assignable to parameter of type 'Schedule'.
  Types of property 'Monday' are incompatible.
    Type '{ start: { hour: number; minute: number; }; end: { hour: number; minute: number; }; }[]' is not assignable to type 'BlockOfTime[]'.
      Type '{ start: { hour: number; minute: number; }; end: { hour: number; minute: number; }; }' is not assignable to type 'BlockOfTime'.
        Types of property 'start' are incompatible.
          Type '{ hour: number; minute: number; }' is missing the following properties from type 'Time': greaterThan, lessThan, geq, leq, equals
src/test/integration/break-requirements.test.ts(462,14): error TS18048: 'next' is possibly 'undefined'.
src/test/integration/break-requirements.test.ts(462,38): error TS18048: 'current' is possibly 'undefined'.
src/test/integration/complex-scheduling-scenarios.test.ts(24,3): error TS2353: Object literal may only specify known properties, and 'bsched' does not exist in type 'StudentSchedule'.
src/test/integration/complex-scheduling-scenarios.test.ts(35,7): error TS2739: Type '{ hour: number; minute: number; }' is missing the following properties from type 'Time': greaterThan, lessThan, geq, leq, equals
src/test/integration/complex-scheduling-scenarios.test.ts(35,38): error TS2739: Type '{ hour: number; minute: number; }' is missing the following properties from type 'Time': greaterThan, lessThan, geq, leq, equals
src/test/integration/complex-scheduling-scenarios.test.ts(36,7): error TS2739: Type '{ hour: number; minute: number; }' is missing the following properties from type 'Time': greaterThan, lessThan, geq, leq, equals
src/test/integration/complex-scheduling-scenarios.test.ts(36,39): error TS2739: Type '{ hour: number; minute: number; }' is missing the following properties from type 'Time': greaterThan, lessThan, geq, leq, equals
src/test/integration/complex-scheduling-scenarios.test.ts(39,7): error TS2739: Type '{ hour: number; minute: number; }' is missing the following properties from type 'Time': greaterThan, lessThan, geq, leq, equals
src/test/integration/complex-scheduling-scenarios.test.ts(39,38): error TS2739: Type '{ hour: number; minute: number; }' is missing the following properties from type 'Time': greaterThan, lessThan, geq, leq, equals
src/test/integration/complex-scheduling-scenarios.test.ts(40,7): error TS2739: Type '{ hour: number; minute: number; }' is missing the following properties from type 'Time': greaterThan, lessThan, geq, leq, equals
src/test/integration/complex-scheduling-scenarios.test.ts(40,39): error TS2739: Type '{ hour: number; minute: number; }' is missing the following properties from type 'Time': greaterThan, lessThan, geq, leq, equals
src/test/integration/complex-scheduling-scenarios.test.ts(43,7): error TS2739: Type '{ hour: number; minute: number; }' is missing the following properties from type 'Time': greaterThan, lessThan, geq, leq, equals
src/test/integration/complex-scheduling-scenarios.test.ts(43,38): error TS2739: Type '{ hour: number; minute: number; }' is missing the following properties from type 'Time': greaterThan, lessThan, geq, leq, equals
src/test/integration/complex-scheduling-scenarios.test.ts(44,7): error TS2739: Type '{ hour: number; minute: number; }' is missing the following properties from type 'Time': greaterThan, lessThan, geq, leq, equals
src/test/integration/complex-scheduling-scenarios.test.ts(44,39): error TS2739: Type '{ hour: number; minute: number; }' is missing the following properties from type 'Time': greaterThan, lessThan, geq, leq, equals
src/test/integration/complex-scheduling-scenarios.test.ts(47,7): error TS2739: Type '{ hour: number; minute: number; }' is missing the following properties from type 'Time': greaterThan, lessThan, geq, leq, equals
src/test/integration/complex-scheduling-scenarios.test.ts(47,38): error TS2739: Type '{ hour: number; minute: number; }' is missing the following properties from type 'Time': greaterThan, lessThan, geq, leq, equals
src/test/integration/complex-scheduling-scenarios.test.ts(48,7): error TS2739: Type '{ hour: number; minute: number; }' is missing the following properties from type 'Time': greaterThan, lessThan, geq, leq, equals
src/test/integration/complex-scheduling-scenarios.test.ts(48,39): error TS2739: Type '{ hour: number; minute: number; }' is missing the following properties from type 'Time': greaterThan, lessThan, geq, leq, equals
src/test/integration/complex-scheduling-scenarios.test.ts(51,7): error TS2739: Type '{ hour: number; minute: number; }' is missing the following properties from type 'Time': greaterThan, lessThan, geq, leq, equals
src/test/integration/complex-scheduling-scenarios.test.ts(51,38): error TS2739: Type '{ hour: number; minute: number; }' is missing the following properties from type 'Time': greaterThan, lessThan, geq, leq, equals
src/test/integration/complex-scheduling-scenarios.test.ts(52,7): error TS2739: Type '{ hour: number; minute: number; }' is missing the following properties from type 'Time': greaterThan, lessThan, geq, leq, equals
src/test/integration/complex-scheduling-scenarios.test.ts(52,39): error TS2739: Type '{ hour: number; minute: number; }' is missing the following properties from type 'Time': greaterThan, lessThan, geq, leq, equals
src/test/integration/complex-scheduling-scenarios.test.ts(86,18): error TS2538: Type 'undefined' cannot be used as an index type.
src/test/integration/complex-scheduling-scenarios.test.ts(89,18): error TS2538: Type 'undefined' cannot be used as an index type.
src/test/integration/complex-scheduling-scenarios.test.ts(92,18): error TS2538: Type 'undefined' cannot be used as an index type.
src/test/integration/complex-scheduling-scenarios.test.ts(99,18): error TS2538: Type 'undefined' cannot be used as an index type.
src/test/integration/complex-scheduling-scenarios.test.ts(114,36): error TS2345: Argument of type 'boolean[][]' is not assignable to parameter of type 'Schedule'.
  Type 'boolean[][]' is missing the following properties from type 'Schedule': Monday, Tuesday, Wednesday, Thursday, and 3 more.
src/test/integration/complex-scheduling-scenarios.test.ts(156,22): error TS2739: Type '{ hour: number; minute: number; }' is missing the following properties from type 'Time': greaterThan, lessThan, geq, leq, equals
src/test/integration/complex-scheduling-scenarios.test.ts(156,68): error TS2739: Type '{ hour: number; minute: number; }' is missing the following properties from type 'Time': greaterThan, lessThan, geq, leq, equals
src/test/integration/complex-scheduling-scenarios.test.ts(176,22): error TS2739: Type '{ hour: number; minute: number; }' is missing the following properties from type 'Time': greaterThan, lessThan, geq, leq, equals
src/test/integration/complex-scheduling-scenarios.test.ts(176,68): error TS2739: Type '{ hour: number; minute: number; }' is missing the following properties from type 'Time': greaterThan, lessThan, geq, leq, equals
src/test/integration/complex-scheduling-scenarios.test.ts(192,23): error TS2739: Type '{ hour: number; minute: number; }' is missing the following properties from type 'Time': greaterThan, lessThan, geq, leq, equals
src/test/integration/complex-scheduling-scenarios.test.ts(192,61): error TS2739: Type '{ hour: number; minute: number; }' is missing the following properties from type 'Time': greaterThan, lessThan, geq, leq, equals
src/test/integration/complex-scheduling-scenarios.test.ts(200,36): error TS2345: Argument of type 'boolean[][]' is not assignable to parameter of type 'Schedule'.
  Type 'boolean[][]' is missing the following properties from type 'Schedule': Monday, Tuesday, Wednesday, Thursday, and 3 more.
src/test/integration/complex-scheduling-scenarios.test.ts(217,18): error TS2739: Type '{ hour: number; minute: number; }' is missing the following properties from type 'Time': greaterThan, lessThan, geq, leq, equals
src/test/integration/complex-scheduling-scenarios.test.ts(217,50): error TS2739: Type '{ hour: number; minute: number; }' is missing the following properties from type 'Time': greaterThan, lessThan, geq, leq, equals
src/test/integration/complex-scheduling-scenarios.test.ts(218,21): error TS2739: Type '{ hour: number; minute: number; }' is missing the following properties from type 'Time': greaterThan, lessThan, geq, leq, equals
src/test/integration/complex-scheduling-scenarios.test.ts(218,53): error TS2739: Type '{ hour: number; minute: number; }' is missing the following properties from type 'Time': greaterThan, lessThan, geq, leq, equals
src/test/integration/complex-scheduling-scenarios.test.ts(219,18): error TS2739: Type '{ hour: number; minute: number; }' is missing the following properties from type 'Time': greaterThan, lessThan, geq, leq, equals
src/test/integration/complex-scheduling-scenarios.test.ts(219,50): error TS2739: Type '{ hour: number; minute: number; }' is missing the following properties from type 'Time': greaterThan, lessThan, geq, leq, equals
src/test/integration/complex-scheduling-scenarios.test.ts(234,36): error TS2345: Argument of type 'boolean[][]' is not assignable to parameter of type 'Schedule'.
  Type 'boolean[][]' is missing the following properties from type 'Schedule': Monday, Tuesday, Wednesday, Thursday, and 3 more.
src/test/integration/complex-scheduling-scenarios.test.ts(263,11): error TS2322: Type '{ start: { hour: number; minute: number; }; end: { hour: number; minute: number; }; }[]' is not assignable to type 'BlockOfTime[]'.
  Type '{ start: { hour: number; minute: number; }; end: { hour: number; minute: number; }; }' is not assignable to type 'BlockOfTime'.
    Types of property 'start' are incompatible.
      Type '{ hour: number; minute: number; }' is missing the following properties from type 'Time': greaterThan, lessThan, geq, leq, equals
src/test/integration/complex-scheduling-scenarios.test.ts(264,11): error TS2322: Type '{ start: { hour: number; minute: number; }; end: { hour: number; minute: number; }; }[]' is not assignable to type 'BlockOfTime[]'.
  Type '{ start: { hour: number; minute: number; }; end: { hour: number; minute: number; }; }' is not assignable to type 'BlockOfTime'.
    Types of property 'start' are incompatible.
      Type '{ hour: number; minute: number; }' is missing the following properties from type 'Time': greaterThan, lessThan, geq, leq, equals
src/test/integration/complex-scheduling-scenarios.test.ts(265,11): error TS2322: Type '{ start: { hour: number; minute: number; }; end: { hour: number; minute: number; }; }[]' is not assignable to type 'BlockOfTime[]'.
  Type '{ start: { hour: number; minute: number; }; end: { hour: number; minute: number; }; }' is not assignable to type 'BlockOfTime'.
    Types of property 'start' are incompatible.
      Type '{ hour: number; minute: number; }' is missing the following properties from type 'Time': greaterThan, lessThan, geq, leq, equals
src/test/integration/complex-scheduling-scenarios.test.ts(266,11): error TS2322: Type '{ start: { hour: number; minute: number; }; end: { hour: number; minute: number; }; }[]' is not assignable to type 'BlockOfTime[]'.
  Type '{ start: { hour: number; minute: number; }; end: { hour: number; minute: number; }; }' is not assignable to type 'BlockOfTime'.
    Types of property 'start' are incompatible.
      Type '{ hour: number; minute: number; }' is missing the following properties from type 'Time': greaterThan, lessThan, geq, leq, equals
src/test/integration/complex-scheduling-scenarios.test.ts(267,11): error TS2322: Type '{ start: { hour: number; minute: number; }; end: { hour: number; minute: number; }; }[]' is not assignable to type 'BlockOfTime[]'.
  Type '{ start: { hour: number; minute: number; }; end: { hour: number; minute: number; }; }' is not assignable to type 'BlockOfTime'.
    Types of property 'start' are incompatible.
      Type '{ hour: number; minute: number; }' is missing the following properties from type 'Time': greaterThan, lessThan, geq, leq, equals
src/test/integration/complex-scheduling-scenarios.test.ts(277,20): error TS2739: Type '{ hour: number; minute: number; }' is missing the following properties from type 'Time': greaterThan, lessThan, geq, leq, equals
src/test/integration/complex-scheduling-scenarios.test.ts(277,51): error TS2739: Type '{ hour: number; minute: number; }' is missing the following properties from type 'Time': greaterThan, lessThan, geq, leq, equals
src/test/integration/complex-scheduling-scenarios.test.ts(278,21): error TS2739: Type '{ hour: number; minute: number; }' is missing the following properties from type 'Time': greaterThan, lessThan, geq, leq, equals
src/test/integration/complex-scheduling-scenarios.test.ts(278,52): error TS2739: Type '{ hour: number; minute: number; }' is missing the following properties from type 'Time': greaterThan, lessThan, geq, leq, equals
src/test/integration/complex-scheduling-scenarios.test.ts(279,23): error TS2739: Type '{ hour: number; minute: number; }' is missing the following properties from type 'Time': greaterThan, lessThan, geq, leq, equals
src/test/integration/complex-scheduling-scenarios.test.ts(279,54): error TS2739: Type '{ hour: number; minute: number; }' is missing the following properties from type 'Time': greaterThan, lessThan, geq, leq, equals
src/test/integration/complex-scheduling-scenarios.test.ts(280,22): error TS2739: Type '{ hour: number; minute: number; }' is missing the following properties from type 'Time': greaterThan, lessThan, geq, leq, equals
src/test/integration/complex-scheduling-scenarios.test.ts(280,53): error TS2739: Type '{ hour: number; minute: number; }' is missing the following properties from type 'Time': greaterThan, lessThan, geq, leq, equals
src/test/integration/complex-scheduling-scenarios.test.ts(281,20): error TS2739: Type '{ hour: number; minute: number; }' is missing the following properties from type 'Time': greaterThan, lessThan, geq, leq, equals
src/test/integration/complex-scheduling-scenarios.test.ts(281,51): error TS2739: Type '{ hour: number; minute: number; }' is missing the following properties from type 'Time': greaterThan, lessThan, geq, leq, equals
src/test/integration/complex-scheduling-scenarios.test.ts(296,36): error TS2345: Argument of type 'boolean[][]' is not assignable to parameter of type 'Schedule'.
  Type 'boolean[][]' is missing the following properties from type 'Schedule': Monday, Tuesday, Wednesday, Thursday, and 3 more.
src/test/integration/complex-scheduling-scenarios.test.ts(314,18): error TS2739: Type '{ hour: number; minute: number; }' is missing the following properties from type 'Time': greaterThan, lessThan, geq, leq, equals
src/test/integration/complex-scheduling-scenarios.test.ts(314,50): error TS2739: Type '{ hour: number; minute: number; }' is missing the following properties from type 'Time': greaterThan, lessThan, geq, leq, equals
src/test/integration/complex-scheduling-scenarios.test.ts(315,19): error TS2739: Type '{ hour: number; minute: number; }' is missing the following properties from type 'Time': greaterThan, lessThan, geq, leq, equals
src/test/integration/complex-scheduling-scenarios.test.ts(315,51): error TS2739: Type '{ hour: number; minute: number; }' is missing the following properties from type 'Time': greaterThan, lessThan, geq, leq, equals
src/test/integration/complex-scheduling-scenarios.test.ts(316,21): error TS2739: Type '{ hour: number; minute: number; }' is missing the following properties from type 'Time': greaterThan, lessThan, geq, leq, equals
src/test/integration/complex-scheduling-scenarios.test.ts(316,53): error TS2739: Type '{ hour: number; minute: number; }' is missing the following properties from type 'Time': greaterThan, lessThan, geq, leq, equals
src/test/integration/complex-scheduling-scenarios.test.ts(327,22): error TS2739: Type '{ hour: number; minute: number; }' is missing the following properties from type 'Time': greaterThan, lessThan, geq, leq, equals
src/test/integration/complex-scheduling-scenarios.test.ts(327,54): error TS2739: Type '{ hour: number; minute: number; }' is missing the following properties from type 'Time': greaterThan, lessThan, geq, leq, equals
src/test/integration/complex-scheduling-scenarios.test.ts(328,23): error TS2739: Type '{ hour: number; minute: number; }' is missing the following properties from type 'Time': greaterThan, lessThan, geq, leq, equals
src/test/integration/complex-scheduling-scenarios.test.ts(328,55): error TS2739: Type '{ hour: number; minute: number; }' is missing the following properties from type 'Time': greaterThan, lessThan, geq, leq, equals
src/test/integration/complex-scheduling-scenarios.test.ts(329,25): error TS2739: Type '{ hour: number; minute: number; }' is missing the following properties from type 'Time': greaterThan, lessThan, geq, leq, equals
src/test/integration/complex-scheduling-scenarios.test.ts(329,57): error TS2739: Type '{ hour: number; minute: number; }' is missing the following properties from type 'Time': greaterThan, lessThan, geq, leq, equals
src/test/integration/complex-scheduling-scenarios.test.ts(337,36): error TS2345: Argument of type 'boolean[][]' is not assignable to parameter of type 'Schedule'.
  Type 'boolean[][]' is missing the following properties from type 'Schedule': Monday, Tuesday, Wednesday, Thursday, and 3 more.
src/test/integration/complex-scheduling-scenarios.test.ts(358,22): error TS2739: Type '{ hour: number; minute: number; }' is missing the following properties from type 'Time': greaterThan, lessThan, geq, leq, equals
src/test/integration/complex-scheduling-scenarios.test.ts(358,53): error TS2739: Type '{ hour: number; minute: number; }' is missing the following properties from type 'Time': greaterThan, lessThan, geq, leq, equals
src/test/integration/complex-scheduling-scenarios.test.ts(359,23): error TS2739: Type '{ hour: number; minute: number; }' is missing the following properties from type 'Time': greaterThan, lessThan, geq, leq, equals
src/test/integration/complex-scheduling-scenarios.test.ts(359,54): error TS2739: Type '{ hour: number; minute: number; }' is missing the following properties from type 'Time': greaterThan, lessThan, geq, leq, equals
src/test/integration/complex-scheduling-scenarios.test.ts(360,25): error TS2739: Type '{ hour: number; minute: number; }' is missing the following properties from type 'Time': greaterThan, lessThan, geq, leq, equals
src/test/integration/complex-scheduling-scenarios.test.ts(360,56): error TS2739: Type '{ hour: number; minute: number; }' is missing the following properties from type 'Time': greaterThan, lessThan, geq, leq, equals
src/test/integration/complex-scheduling-scenarios.test.ts(361,24): error TS2739: Type '{ hour: number; minute: number; }' is missing the following properties from type 'Time': greaterThan, lessThan, geq, leq, equals
src/test/integration/complex-scheduling-scenarios.test.ts(361,55): error TS2739: Type '{ hour: number; minute: number; }' is missing the following properties from type 'Time': greaterThan, lessThan, geq, leq, equals
src/test/integration/complex-scheduling-scenarios.test.ts(362,22): error TS2739: Type '{ hour: number; minute: number; }' is missing the following properties from type 'Time': greaterThan, lessThan, geq, leq, equals
src/test/integration/complex-scheduling-scenarios.test.ts(362,53): error TS2739: Type '{ hour: number; minute: number; }' is missing the following properties from type 'Time': greaterThan, lessThan, geq, leq, equals
src/test/integration/complex-scheduling-scenarios.test.ts(378,38): error TS2345: Argument of type 'boolean[][]' is not assignable to parameter of type 'Schedule'.
  Type 'boolean[][]' is missing the following properties from type 'Schedule': Monday, Tuesday, Wednesday, Thursday, and 3 more.
src/test/integration/complex-scheduling-scenarios.test.ts(389,25): error TS2532: Object is possibly 'undefined'.
src/test/integration/complex-scheduling-scenarios.test.ts(389,36): error TS2532: Object is possibly 'undefined'.
src/test/integration/performance-timeout.test.ts(24,3): error TS2353: Object literal may only specify known properties, and 'bsched' does not exist in type 'StudentSchedule'.
src/test/integration/performance-timeout.test.ts(46,18): error TS2739: Type '{ hour: number; minute: number; }' is missing the following properties from type 'Time': greaterThan, lessThan, geq, leq, equals
src/test/integration/performance-timeout.test.ts(46,50): error TS2739: Type '{ hour: number; minute: number; }' is missing the following properties from type 'Time': greaterThan, lessThan, geq, leq, equals
src/test/integration/performance-timeout.test.ts(62,36): error TS2345: Argument of type 'boolean[][]' is not assignable to parameter of type 'Schedule'.
  Type 'boolean[][]' is missing the following properties from type 'Schedule': Monday, Tuesday, Wednesday, Thursday, and 3 more.
src/test/integration/performance-timeout.test.ts(77,20): error TS2739: Type '{ hour: number; minute: number; }' is missing the following properties from type 'Time': greaterThan, lessThan, geq, leq, equals
src/test/integration/performance-timeout.test.ts(77,51): error TS2739: Type '{ hour: number; minute: number; }' is missing the following properties from type 'Time': greaterThan, lessThan, geq, leq, equals
src/test/integration/performance-timeout.test.ts(78,21): error TS2739: Type '{ hour: number; minute: number; }' is missing the following properties from type 'Time': greaterThan, lessThan, geq, leq, equals
src/test/integration/performance-timeout.test.ts(78,52): error TS2739: Type '{ hour: number; minute: number; }' is missing the following properties from type 'Time': greaterThan, lessThan, geq, leq, equals
src/test/integration/performance-timeout.test.ts(79,23): error TS2739: Type '{ hour: number; minute: number; }' is missing the following properties from type 'Time': greaterThan, lessThan, geq, leq, equals
src/test/integration/performance-timeout.test.ts(79,54): error TS2739: Type '{ hour: number; minute: number; }' is missing the following properties from type 'Time': greaterThan, lessThan, geq, leq, equals
src/test/integration/performance-timeout.test.ts(92,18): error TS2739: Type '{ hour: number; minute: number; }' is missing the following properties from type 'Time': greaterThan, lessThan, geq, leq, equals
src/test/integration/performance-timeout.test.ts(92,49): error TS2739: Type '{ hour: number; minute: number; }' is missing the following properties from type 'Time': greaterThan, lessThan, geq, leq, equals
src/test/integration/performance-timeout.test.ts(93,19): error TS2739: Type '{ hour: number; minute: number; }' is missing the following properties from type 'Time': greaterThan, lessThan, geq, leq, equals
src/test/integration/performance-timeout.test.ts(93,50): error TS2739: Type '{ hour: number; minute: number; }' is missing the following properties from type 'Time': greaterThan, lessThan, geq, leq, equals
src/test/integration/performance-timeout.test.ts(94,21): error TS2739: Type '{ hour: number; minute: number; }' is missing the following properties from type 'Time': greaterThan, lessThan, geq, leq, equals
src/test/integration/performance-timeout.test.ts(94,52): error TS2739: Type '{ hour: number; minute: number; }' is missing the following properties from type 'Time': greaterThan, lessThan, geq, leq, equals
src/test/integration/performance-timeout.test.ts(99,36): error TS2345: Argument of type 'boolean[][]' is not assignable to parameter of type 'Schedule'.
  Type 'boolean[][]' is missing the following properties from type 'Schedule': Monday, Tuesday, Wednesday, Thursday, and 3 more.
src/test/integration/performance-timeout.test.ts(117,18): error TS2739: Type '{ hour: number; minute: number; }' is missing the following properties from type 'Time': greaterThan, lessThan, geq, leq, equals
src/test/integration/performance-timeout.test.ts(117,49): error TS2739: Type '{ hour: number; minute: number; }' is missing the following properties from type 'Time': greaterThan, lessThan, geq, leq, equals
src/test/integration/performance-timeout.test.ts(118,19): error TS2739: Type '{ hour: number; minute: number; }' is missing the following properties from type 'Time': greaterThan, lessThan, geq, leq, equals
src/test/integration/performance-timeout.test.ts(118,50): error TS2739: Type '{ hour: number; minute: number; }' is missing the following properties from type 'Time': greaterThan, lessThan, geq, leq, equals
src/test/integration/performance-timeout.test.ts(119,21): error TS2739: Type '{ hour: number; minute: number; }' is missing the following properties from type 'Time': greaterThan, lessThan, geq, leq, equals
src/test/integration/performance-timeout.test.ts(119,52): error TS2739: Type '{ hour: number; minute: number; }' is missing the following properties from type 'Time': greaterThan, lessThan, geq, leq, equals
src/test/integration/performance-timeout.test.ts(120,20): error TS2739: Type '{ hour: number; minute: number; }' is missing the following properties from type 'Time': greaterThan, lessThan, geq, leq, equals
src/test/integration/performance-timeout.test.ts(120,51): error TS2739: Type '{ hour: number; minute: number; }' is missing the following properties from type 'Time': greaterThan, lessThan, geq, leq, equals
src/test/integration/performance-timeout.test.ts(121,18): error TS2739: Type '{ hour: number; minute: number; }' is missing the following properties from type 'Time': greaterThan, lessThan, geq, leq, equals
src/test/integration/performance-timeout.test.ts(121,49): error TS2739: Type '{ hour: number; minute: number; }' is missing the following properties from type 'Time': greaterThan, lessThan, geq, leq, equals
src/test/integration/performance-timeout.test.ts(138,36): error TS2345: Argument of type 'boolean[][]' is not assignable to parameter of type 'Schedule'.
  Type 'boolean[][]' is missing the following properties from type 'Schedule': Monday, Tuesday, Wednesday, Thursday, and 3 more.
src/test/integration/performance-timeout.test.ts(164,11): error TS2464: A computed property name must be of type 'string', 'number', 'symbol', or 'any'.
src/test/integration/performance-timeout.test.ts(170,20): error TS2538: Type 'undefined' cannot be used as an index type.
src/test/integration/performance-timeout.test.ts(182,20): error TS2739: Type '{ hour: number; minute: number; }' is missing the following properties from type 'Time': greaterThan, lessThan, geq, leq, equals
src/test/integration/performance-timeout.test.ts(182,51): error TS2739: Type '{ hour: number; minute: number; }' is missing the following properties from type 'Time': greaterThan, lessThan, geq, leq, equals
src/test/integration/performance-timeout.test.ts(183,21): error TS2739: Type '{ hour: number; minute: number; }' is missing the following properties from type 'Time': greaterThan, lessThan, geq, leq, equals
src/test/integration/performance-timeout.test.ts(183,52): error TS2739: Type '{ hour: number; minute: number; }' is missing the following properties from type 'Time': greaterThan, lessThan, geq, leq, equals
src/test/integration/performance-timeout.test.ts(184,23): error TS2739: Type '{ hour: number; minute: number; }' is missing the following properties from type 'Time': greaterThan, lessThan, geq, leq, equals
src/test/integration/performance-timeout.test.ts(184,54): error TS2739: Type '{ hour: number; minute: number; }' is missing the following properties from type 'Time': greaterThan, lessThan, geq, leq, equals
src/test/integration/performance-timeout.test.ts(185,22): error TS2739: Type '{ hour: number; minute: number; }' is missing the following properties from type 'Time': greaterThan, lessThan, geq, leq, equals
src/test/integration/performance-timeout.test.ts(185,53): error TS2739: Type '{ hour: number; minute: number; }' is missing the following properties from type 'Time': greaterThan, lessThan, geq, leq, equals
src/test/integration/performance-timeout.test.ts(186,20): error TS2739: Type '{ hour: number; minute: number; }' is missing the following properties from type 'Time': greaterThan, lessThan, geq, leq, equals
src/test/integration/performance-timeout.test.ts(186,51): error TS2739: Type '{ hour: number; minute: number; }' is missing the following properties from type 'Time': greaterThan, lessThan, geq, leq, equals
src/test/integration/performance-timeout.test.ts(192,38): error TS2345: Argument of type 'boolean[][]' is not assignable to parameter of type 'Schedule'.
  Type 'boolean[][]' is missing the following properties from type 'Schedule': Monday, Tuesday, Wednesday, Thursday, and 3 more.
src/test/integration/performance-timeout.test.ts(223,18): error TS2739: Type '{ hour: number; minute: number; }' is missing the following properties from type 'Time': greaterThan, lessThan, geq, leq, equals
src/test/integration/performance-timeout.test.ts(223,50): error TS2739: Type '{ hour: number; minute: number; }' is missing the following properties from type 'Time': greaterThan, lessThan, geq, leq, equals
src/test/integration/performance-timeout.test.ts(241,52): error TS2345: Argument of type 'boolean[][]' is not assignable to parameter of type 'Schedule'.
  Type 'boolean[][]' is missing the following properties from type 'Schedule': Monday, Tuesday, Wednesday, Thursday, and 3 more.
src/test/integration/performance-timeout.test.ts(258,18): error TS2739: Type '{ hour: number; minute: number; }' is missing the following properties from type 'Time': greaterThan, lessThan, geq, leq, equals
src/test/integration/performance-timeout.test.ts(258,50): error TS2739: Type '{ hour: number; minute: number; }' is missing the following properties from type 'Time': greaterThan, lessThan, geq, leq, equals
src/test/integration/performance-timeout.test.ts(275,36): error TS2345: Argument of type 'boolean[][]' is not assignable to parameter of type 'Schedule'.
  Type 'boolean[][]' is missing the following properties from type 'Schedule': Monday, Tuesday, Wednesday, Thursday, and 3 more.
src/test/integration/performance-timeout.test.ts(288,18): error TS2739: Type '{ hour: number; minute: number; }' is missing the following properties from type 'Time': greaterThan, lessThan, geq, leq, equals
src/test/integration/performance-timeout.test.ts(288,49): error TS2739: Type '{ hour: number; minute: number; }' is missing the following properties from type 'Time': greaterThan, lessThan, geq, leq, equals
src/test/integration/performance-timeout.test.ts(292,41): error TS2345: Argument of type 'boolean[][]' is not assignable to parameter of type 'Schedule'.
  Type 'boolean[][]' is missing the following properties from type 'Schedule': Monday, Tuesday, Wednesday, Thursday, and 3 more.
src/test/integration/performance-timeout.test.ts(307,22): error TS2739: Type '{ hour: number; minute: number; }' is missing the following properties from type 'Time': greaterThan, lessThan, geq, leq, equals
src/test/integration/performance-timeout.test.ts(307,54): error TS2739: Type '{ hour: number; minute: number; }' is missing the following properties from type 'Time': greaterThan, lessThan, geq, leq, equals
src/test/integration/performance-timeout.test.ts(315,36): error TS2345: Argument of type 'boolean[][]' is not assignable to parameter of type 'Schedule'.
  Type 'boolean[][]' is missing the following properties from type 'Schedule': Monday, Tuesday, Wednesday, Thursday, and 3 more.
src/test/integration/performance-timeout.test.ts(330,22): error TS2739: Type '{ hour: number; minute: number; }' is missing the following properties from type 'Time': greaterThan, lessThan, geq, leq, equals
src/test/integration/performance-timeout.test.ts(330,53): error TS2739: Type '{ hour: number; minute: number; }' is missing the following properties from type 'Time': greaterThan, lessThan, geq, leq, equals
src/test/integration/performance-timeout.test.ts(337,18): error TS2739: Type '{ hour: number; minute: number; }' is missing the following properties from type 'Time': greaterThan, lessThan, geq, leq, equals
src/test/integration/performance-timeout.test.ts(337,49): error TS2739: Type '{ hour: number; minute: number; }' is missing the following properties from type 'Time': greaterThan, lessThan, geq, leq, equals
src/test/integration/performance-timeout.test.ts(346,43): error TS2345: Argument of type 'boolean[][]' is not assignable to parameter of type 'Schedule'.
  Type 'boolean[][]' is missing the following properties from type 'Schedule': Monday, Tuesday, Wednesday, Thursday, and 3 more.
src/test/integration/performance-timeout.test.ts(350,47): error TS2345: Argument of type 'boolean[][]' is not assignable to parameter of type 'Schedule'.
  Type 'boolean[][]' is missing the following properties from type 'Schedule': Monday, Tuesday, Wednesday, Thursday, and 3 more.
src/test/unit/enrollment.test.tsx(33,5): error TS2322: Type 'null' is not assignable to type 'Schedule'.
src/test/unit/InteractiveCalendar.test.tsx(57,24): error TS2739: Type '{ hour: number; minute: number; }' is missing the following properties from type 'Time': greaterThan, lessThan, geq, leq, equals
src/test/unit/InteractiveCalendar.test.tsx(57,56): error TS2739: Type '{ hour: number; minute: number; }' is missing the following properties from type 'Time': greaterThan, lessThan, geq, leq, equals
src/test/unit/InteractiveCalendar.test.tsx(74,24): error TS2739: Type '{ hour: number; minute: number; }' is missing the following properties from type 'Time': greaterThan, lessThan, geq, leq, equals
src/test/unit/InteractiveCalendar.test.tsx(74,56): error TS2739: Type '{ hour: number; minute: number; }' is missing the following properties from type 'Time': greaterThan, lessThan, geq, leq, equals
src/test/unit/ManualScheduleDialog.test.tsx(74,9): error TS2322: Type 'number' is not assignable to type '"30" | "60" | null'.
src/test/unit/ManualScheduleDialog.test.tsx(75,9): error TS2322: Type 'null' is not assignable to type 'Schedule'.
src/test/unit/ManualScheduleDialog.test.tsx(86,9): error TS2322: Type 'number' is not assignable to type '"30" | "60" | null'.
src/test/unit/ManualScheduleDialog.test.tsx(87,9): error TS2322: Type 'null' is not assignable to type 'Schedule'.
src/test/unit/ManualScheduleDialog.test.tsx(95,18): error TS2739: Type '{ hour: number; minute: number; }' is missing the following properties from type 'Time': greaterThan, lessThan, geq, leq, equals
src/test/unit/ManualScheduleDialog.test.tsx(95,49): error TS2739: Type '{ hour: number; minute: number; }' is missing the following properties from type 'Time': greaterThan, lessThan, geq, leq, equals
src/test/unit/ManualScheduleDialog.test.tsx(112,9): error TS2322: Type '{ studio: StudioWithStudents; setStudio: Mock<Procedure>; handleEvent: Mock<Procedure>; }' is not assignable to type 'IntrinsicAttributes & Props'.
  Property 'handleEvent' does not exist on type 'IntrinsicAttributes & Props'.
src/test/unit/ManualScheduleDialog.test.tsx(125,9): error TS2322: Type '{ studio: StudioWithStudents; setStudio: Mock<Procedure>; handleEvent: Mock<Procedure>; }' is not assignable to type 'IntrinsicAttributes & Props'.
  Property 'handleEvent' does not exist on type 'IntrinsicAttributes & Props'.
src/test/unit/ManualScheduleDialog.test.tsx(147,9): error TS2322: Type '{ studio: StudioWithStudents; setStudio: Mock<Procedure>; handleEvent: Mock<Procedure>; }' is not assignable to type 'IntrinsicAttributes & Props'.
  Property 'handleEvent' does not exist on type 'IntrinsicAttributes & Props'.
src/test/unit/ManualScheduleDialog.test.tsx(169,9): error TS2322: Type '{ studio: StudioWithStudents; setStudio: Mock<Procedure>; handleEvent: Mock<Procedure>; }' is not assignable to type 'IntrinsicAttributes & Props'.
  Property 'handleEvent' does not exist on type 'IntrinsicAttributes & Props'.
src/test/unit/ManualScheduleDialog.test.tsx(194,9): error TS2322: Type '{ studio: StudioWithStudents; setStudio: Mock<Procedure>; handleEvent: Mock<Procedure>; }' is not assignable to type 'IntrinsicAttributes & Props'.
  Property 'handleEvent' does not exist on type 'IntrinsicAttributes & Props'.
src/test/unit/ManualScheduleDialog.test.tsx(229,9): error TS2322: Type '{ studio: StudioWithStudents; setStudio: Mock<Procedure>; handleEvent: Mock<Procedure>; }' is not assignable to type 'IntrinsicAttributes & Props'.
  Property 'handleEvent' does not exist on type 'IntrinsicAttributes & Props'.
src/test/unit/ManualScheduleDialog.test.tsx(266,9): error TS2322: Type '{ students: (StudentSchema | { manual_schedule: { Monday: { start: { hour: number; minute: number; }; end: { hour: number; minute: number; }; }[]; }; id?: number | undefined; email?: string | undefined; ... 4 more ...; schedule?: Schedule | undefined; } | undefined)[]; ... 5 more ...; owner_schedule: Schedule; }' is not assignable to type 'StudioWithStudents'.
  Type '{ students: (StudentSchema | { manual_schedule: { Monday: { start: { hour: number; minute: number; }; end: { hour: number; minute: number; }; }[]; }; id?: number | undefined; email?: string | undefined; ... 4 more ...; schedule?: Schedule | undefined; } | undefined)[]; ... 5 more ...; owner_schedule: Schedule; }' is not assignable to type '{ students: StudentSchema[]; }'.
    Types of property 'students' are incompatible.
      Type '(StudentSchema | { manual_schedule: { Monday: { start: { hour: number; minute: number; }; end: { hour: number; minute: number; }; }[]; }; id?: number | undefined; email?: string | undefined; ... 4 more ...; schedule?: Schedule | undefined; } | undefined)[]' is not assignable to type 'StudentSchema[]'.
        Type 'StudentSchema | { manual_schedule: { Monday: { start: { hour: number; minute: number; }; end: { hour: number; minute: number; }; }[]; }; id?: number | undefined; email?: string | undefined; ... 4 more ...; schedule?: Schedule | undefined; } | undefined' is not assignable to type 'StudentSchema'.
          Type 'undefined' is not assignable to type 'StudentSchema'.
            Type 'undefined' is not assignable to type 'Omit<{ id: number; email: string; first_name: string | null; last_name: string | null; studio_id: number | null; schedule: unknown; lesson_length: "30" | "60" | null; }, "schedule">'.
src/test/unit/ManualScheduleDialog.test.tsx(291,9): error TS2322: Type '{ studio: { students: never[]; id: number; user_id: string | null; code: string; studio_name: string | null; events: Event[] | null; owner_schedule: Schedule; }; setStudio: Mock<...>; handleEvent: Mock<...>; }' is not assignable to type 'IntrinsicAttributes & Props'.
  Property 'handleEvent' does not exist on type 'IntrinsicAttributes & Props'.
src/test/unit/ManualScheduleDialog.test.tsx(310,9): error TS2322: Type '{ studio: StudioWithStudents; setStudio: Mock<Procedure>; handleEvent: Mock<Procedure>; }' is not assignable to type 'IntrinsicAttributes & Props'.
  Property 'handleEvent' does not exist on type 'IntrinsicAttributes & Props'.
src/test/unit/ManualScheduleDialog.test.tsx(338,9): error TS2322: Type '{ studio: StudioWithStudents; setStudio: Mock<Procedure>; handleEvent: Mock<Procedure>; }' is not assignable to type 'IntrinsicAttributes & Props'.
  Property 'handleEvent' does not exist on type 'IntrinsicAttributes & Props'.
src/test/unit/MiniStudentSchedule.test.tsx(107,5): error TS2322: Type 'number' is not assignable to type '"30" | "60" | null'.
src/test/unit/MiniStudentSchedule.test.tsx(110,11): error TS2739: Type '{ hour: number; minute: number; }' is missing the following properties from type 'Time': greaterThan, lessThan, geq, leq, equals
src/test/unit/MiniStudentSchedule.test.tsx(110,43): error TS2739: Type '{ hour: number; minute: number; }' is missing the following properties from type 'Time': greaterThan, lessThan, geq, leq, equals
src/test/unit/MiniStudentSchedule.test.tsx(111,11): error TS2739: Type '{ hour: number; minute: number; }' is missing the following properties from type 'Time': greaterThan, lessThan, geq, leq, equals
src/test/unit/MiniStudentSchedule.test.tsx(111,44): error TS2739: Type '{ hour: number; minute: number; }' is missing the following properties from type 'Time': greaterThan, lessThan, geq, leq, equals
src/test/unit/MiniStudentSchedule.test.tsx(115,11): error TS2739: Type '{ hour: number; minute: number; }' is missing the following properties from type 'Time': greaterThan, lessThan, geq, leq, equals
src/test/unit/MiniStudentSchedule.test.tsx(115,42): error TS2739: Type '{ hour: number; minute: number; }' is missing the following properties from type 'Time': greaterThan, lessThan, geq, leq, equals
src/test/unit/MiniStudentSchedule.test.tsx(135,18): error TS2739: Type '{ hour: number; minute: number; }' is missing the following properties from type 'Time': greaterThan, lessThan, geq, leq, equals
src/test/unit/MiniStudentSchedule.test.tsx(135,49): error TS2739: Type '{ hour: number; minute: number; }' is missing the following properties from type 'Time': greaterThan, lessThan, geq, leq, equals
src/test/unit/MiniStudentSchedule.test.tsx(167,20): error TS2739: Type '{ hour: number; minute: number; }' is missing the following properties from type 'Time': greaterThan, lessThan, geq, leq, equals
src/test/unit/MiniStudentSchedule.test.tsx(167,53): error TS2739: Type '{ hour: number; minute: number; }' is missing the following properties from type 'Time': greaterThan, lessThan, geq, leq, equals
src/test/unit/MiniStudentSchedule.test.tsx(318,20): error TS2739: Type '{ hour: number; minute: number; }' is missing the following properties from type 'Time': greaterThan, lessThan, geq, leq, equals
src/test/unit/MiniStudentSchedule.test.tsx(318,52): error TS2739: Type '{ hour: number; minute: number; }' is missing the following properties from type 'Time': greaterThan, lessThan, geq, leq, equals
src/test/unit/MiniStudentSchedule.test.tsx(319,22): error TS2739: Type '{ hour: number; minute: number; }' is missing the following properties from type 'Time': greaterThan, lessThan, geq, leq, equals
src/test/unit/MiniStudentSchedule.test.tsx(319,54): error TS2739: Type '{ hour: number; minute: number; }' is missing the following properties from type 'Time': greaterThan, lessThan, geq, leq, equals
src/test/unit/MiniStudentSchedule.test.tsx(320,20): error TS2739: Type '{ hour: number; minute: number; }' is missing the following properties from type 'Time': greaterThan, lessThan, geq, leq, equals
src/test/unit/MiniStudentSchedule.test.tsx(320,52): error TS2739: Type '{ hour: number; minute: number; }' is missing the following properties from type 'Time': greaterThan, lessThan, geq, leq, equals
src/test/unit/MiniStudentSchedule.test.tsx(321,22): error TS2739: Type '{ hour: number; minute: number; }' is missing the following properties from type 'Time': greaterThan, lessThan, geq, leq, equals
src/test/unit/MiniStudentSchedule.test.tsx(321,54): error TS2739: Type '{ hour: number; minute: number; }' is missing the following properties from type 'Time': greaterThan, lessThan, geq, leq, equals
src/test/unit/MiniStudentSchedule.test.tsx(322,23): error TS2739: Type '{ hour: number; minute: number; }' is missing the following properties from type 'Time': greaterThan, lessThan, geq, leq, equals
src/test/unit/MiniStudentSchedule.test.tsx(322,55): error TS2739: Type '{ hour: number; minute: number; }' is missing the following properties from type 'Time': greaterThan, lessThan, geq, leq, equals
src/test/unit/MiniStudentSchedule.test.tsx(323,21): error TS2739: Type '{ hour: number; minute: number; }' is missing the following properties from type 'Time': greaterThan, lessThan, geq, leq, equals
src/test/unit/MiniStudentSchedule.test.tsx(323,53): error TS2739: Type '{ hour: number; minute: number; }' is missing the following properties from type 'Time': greaterThan, lessThan, geq, leq, equals
src/test/unit/MiniStudentSchedule.test.tsx(324,20): error TS2739: Type '{ hour: number; minute: number; }' is missing the following properties from type 'Time': greaterThan, lessThan, geq, leq, equals
src/test/unit/MiniStudentSchedule.test.tsx(324,52): error TS2739: Type '{ hour: number; minute: number; }' is missing the following properties from type 'Time': greaterThan, lessThan, geq, leq, equals
src/test/unit/MiniStudentSchedule.test.tsx(349,13): error TS2739: Type '{ hour: number; minute: number; }' is missing the following properties from type 'Time': greaterThan, lessThan, geq, leq, equals
src/test/unit/MiniStudentSchedule.test.tsx(349,44): error TS2739: Type '{ hour: number; minute: number; }' is missing the following properties from type 'Time': greaterThan, lessThan, geq, leq, equals
src/test/unit/MiniStudentSchedule.test.tsx(350,13): error TS2739: Type '{ hour: number; minute: number; }' is missing the following properties from type 'Time': greaterThan, lessThan, geq, leq, equals
src/test/unit/MiniStudentSchedule.test.tsx(350,45): error TS2739: Type '{ hour: number; minute: number; }' is missing the following properties from type 'Time': greaterThan, lessThan, geq, leq, equals
src/test/unit/MiniStudentSchedule.test.tsx(373,13): error TS2739: Type '{ hour: number; minute: number; }' is missing the following properties from type 'Time': greaterThan, lessThan, geq, leq, equals
src/test/unit/MiniStudentSchedule.test.tsx(373,44): error TS2739: Type '{ hour: number; minute: number; }' is missing the following properties from type 'Time': greaterThan, lessThan, geq, leq, equals
src/test/unit/MiniStudentSchedule.test.tsx(374,13): error TS2739: Type '{ hour: number; minute: number; }' is missing the following properties from type 'Time': greaterThan, lessThan, geq, leq, equals
src/test/unit/MiniStudentSchedule.test.tsx(374,45): error TS2739: Type '{ hour: number; minute: number; }' is missing the following properties from type 'Time': greaterThan, lessThan, geq, leq, equals
src/test/unit/MiniStudentSchedule.test.tsx(375,13): error TS2739: Type '{ hour: number; minute: number; }' is missing the following properties from type 'Time': greaterThan, lessThan, geq, leq, equals
src/test/unit/MiniStudentSchedule.test.tsx(375,45): error TS2739: Type '{ hour: number; minute: number; }' is missing the following properties from type 'Time': greaterThan, lessThan, geq, leq, equals
src/test/unit/OnboardStudentCard.test.tsx(70,5): error TS2741: Property 'studioCode' is missing in type '{ first_name: string; last_name: string; email: string; }' but required in type '{ email: string; first_name: string; last_name: string; studioCode: string; }'.
src/test/unit/OnboardStudentCard.test.tsx(83,20): error TS2739: Type '{ hour: number; minute: number; }' is missing the following properties from type 'Time': greaterThan, lessThan, geq, leq, equals
src/test/unit/OnboardStudentCard.test.tsx(83,51): error TS2739: Type '{ hour: number; minute: number; }' is missing the following properties from type 'Time': greaterThan, lessThan, geq, leq, equals
src/test/unit/OnboardStudentCard.test.tsx(292,24): error TS2352: Conversion of type 'undefined' to type '{ schedule?: Record<string, unknown> | undefined; }' may be a mistake because neither type sufficiently overlaps with the other. If this was intentional, convert the expression to 'unknown' first.
src/test/unit/OnboardStudentCard.test.tsx(292,51): error TS2493: Tuple type '[]' of length '0' has no element at index '0'.
src/test/unit/OutputCalendar.test.tsx(16,26): error TS2739: Type '{ hour: number; minute: number; }' is missing the following properties from type 'Time': greaterThan, lessThan, geq, leq, equals
src/test/unit/OutputCalendar.test.tsx(16,58): error TS2739: Type '{ hour: number; minute: number; }' is missing the following properties from type 'Time': greaterThan, lessThan, geq, leq, equals
src/test/unit/OutputCalendar.test.tsx(30,39): error TS2739: Type '{ hour: number; minute: number; }' is missing the following properties from type 'Time': greaterThan, lessThan, geq, leq, equals
src/test/unit/OutputCalendar.test.tsx(30,71): error TS2739: Type '{ hour: number; minute: number; }' is missing the following properties from type 'Time': greaterThan, lessThan, geq, leq, equals
src/test/unit/OutputCalendar.test.tsx(44,18): error TS2739: Type '{ hour: number; minute: number; }' is missing the following properties from type 'Time': greaterThan, lessThan, geq, leq, equals
src/test/unit/OutputCalendar.test.tsx(44,49): error TS2739: Type '{ hour: number; minute: number; }' is missing the following properties from type 'Time': greaterThan, lessThan, geq, leq, equals
src/test/unit/OutputCalendar.test.tsx(45,19): error TS2739: Type '{ hour: number; minute: number; }' is missing the following properties from type 'Time': greaterThan, lessThan, geq, leq, equals
src/test/unit/OutputCalendar.test.tsx(45,50): error TS2739: Type '{ hour: number; minute: number; }' is missing the following properties from type 'Time': greaterThan, lessThan, geq, leq, equals
src/test/unit/OutputCalendar.test.tsx(150,26): error TS2739: Type '{ hour: number; minute: number; }' is missing the following properties from type 'Time': greaterThan, lessThan, geq, leq, equals
src/test/unit/OutputCalendar.test.tsx(150,58): error TS2739: Type '{ hour: number; minute: number; }' is missing the following properties from type 'Time': greaterThan, lessThan, geq, leq, equals
src/test/unit/OutputCalendar.test.tsx(164,26): error TS2739: Type '{ hour: number; minute: number; }' is missing the following properties from type 'Time': greaterThan, lessThan, geq, leq, equals
src/test/unit/OutputCalendar.test.tsx(164,58): error TS2739: Type '{ hour: number; minute: number; }' is missing the following properties from type 'Time': greaterThan, lessThan, geq, leq, equals
src/test/unit/OutputCalendar.test.tsx(178,18): error TS2739: Type '{ hour: number; minute: number; }' is missing the following properties from type 'Time': greaterThan, lessThan, geq, leq, equals
src/test/unit/OutputCalendar.test.tsx(178,49): error TS2739: Type '{ hour: number; minute: number; }' is missing the following properties from type 'Time': greaterThan, lessThan, geq, leq, equals
src/test/unit/OutputCalendar.test.tsx(224,26): error TS2739: Type '{ hour: number; minute: number; }' is missing the following properties from type 'Time': greaterThan, lessThan, geq, leq, equals
src/test/unit/OutputCalendar.test.tsx(224,58): error TS2739: Type '{ hour: number; minute: number; }' is missing the following properties from type 'Time': greaterThan, lessThan, geq, leq, equals
src/test/unit/OutputCalendar.test.tsx(235,26): error TS2739: Type '{ hour: number; minute: number; }' is missing the following properties from type 'Time': greaterThan, lessThan, geq, leq, equals
src/test/unit/OutputCalendar.test.tsx(235,58): error TS2739: Type '{ hour: number; minute: number; }' is missing the following properties from type 'Time': greaterThan, lessThan, geq, leq, equals
src/test/unit/OutputCalendar.test.tsx(246,27): error TS2739: Type '{ hour: number; minute: number; }' is missing the following properties from type 'Time': greaterThan, lessThan, geq, leq, equals
src/test/unit/OutputCalendar.test.tsx(246,58): error TS2739: Type '{ hour: number; minute: number; }' is missing the following properties from type 'Time': greaterThan, lessThan, geq, leq, equals
src/test/unit/OutputCalendar.test.tsx(257,18): error TS2739: Type '{ hour: number; minute: number; }' is missing the following properties from type 'Time': greaterThan, lessThan, geq, leq, equals
src/test/unit/OutputCalendar.test.tsx(257,49): error TS2739: Type '{ hour: number; minute: number; }' is missing the following properties from type 'Time': greaterThan, lessThan, geq, leq, equals
src/test/unit/OutputCalendar.test.tsx(258,19): error TS2739: Type '{ hour: number; minute: number; }' is missing the following properties from type 'Time': greaterThan, lessThan, geq, leq, equals
src/test/unit/OutputCalendar.test.tsx(258,50): error TS2739: Type '{ hour: number; minute: number; }' is missing the following properties from type 'Time': greaterThan, lessThan, geq, leq, equals
src/test/unit/OutputCalendar.test.tsx(287,29): error TS2739: Type '{ hour: number; minute: number; }' is missing the following properties from type 'Time': greaterThan, lessThan, geq, leq, equals
src/test/unit/OutputCalendar.test.tsx(287,62): error TS2739: Type '{ hour: number; minute: number; }' is missing the following properties from type 'Time': greaterThan, lessThan, geq, leq, equals
src/test/unit/OutputCalendar.test.tsx(298,21): error TS2739: Type '{ hour: number; minute: number; }' is missing the following properties from type 'Time': greaterThan, lessThan, geq, leq, equals
src/test/unit/OutputCalendar.test.tsx(298,52): error TS2739: Type '{ hour: number; minute: number; }' is missing the following properties from type 'Time': greaterThan, lessThan, geq, leq, equals
src/test/unit/ResultsTable.test.tsx(10,5): error TS2698: Spread types may only be created from object types.
src/test/unit/ResultsTable.test.tsx(15,39): error TS2339: Property 'i' does not exist on type 'Time'.
src/test/unit/ResultsTable.test.tsx(17,62): error TS2339: Property 'i' does not exist on type 'Time'.
src/test/unit/ResultsTable.test.tsx(22,49): error TS2339: Property 'j' does not exist on type 'Time'.
src/test/unit/ResultsTable.test.tsx(23,37): error TS2339: Property 'j' does not exist on type 'Time'.
src/test/unit/ResultsTable.test.tsx(26,47): error TS2339: Property 'j' does not exist on type 'Time'.
src/test/unit/ResultsTable.test.tsx(27,35): error TS2339: Property 'j' does not exist on type 'Time'.
src/test/unit/ResultsTable.test.tsx(58,9): error TS2353: Object literal may only specify known properties, and 'schedule' does not exist in type 'StudentAvailability'.
src/test/unit/ResultsTable.test.tsx(65,18): error TS2353: Object literal may only specify known properties, and 'i' does not exist in type 'Time'.
src/test/unit/ResultsTable.test.tsx(66,16): error TS2353: Object literal may only specify known properties, and 'i' does not exist in type 'Time'.
src/test/unit/ResultsTable.test.tsx(72,9): error TS2353: Object literal may only specify known properties, and 'schedule' does not exist in type 'StudentAvailability'.
src/test/unit/ResultsTable.test.tsx(79,18): error TS2353: Object literal may only specify known properties, and 'i' does not exist in type 'Time'.
src/test/unit/ResultsTable.test.tsx(80,16): error TS2353: Object literal may only specify known properties, and 'i' does not exist in type 'Time'.
src/test/unit/ResultsTable.test.tsx(86,9): error TS2353: Object literal may only specify known properties, and 'schedule' does not exist in type 'StudentAvailability'.
src/test/unit/ResultsTable.test.tsx(93,18): error TS2353: Object literal may only specify known properties, and 'i' does not exist in type 'Time'.
src/test/unit/ResultsTable.test.tsx(94,16): error TS2353: Object literal may only specify known properties, and 'i' does not exist in type 'Time'.
src/test/unit/ResultsTable.test.tsx(160,41): error TS2322: Type 'Scheduled | undefined' is not assignable to type 'Scheduled'.
  Type 'undefined' is not assignable to type 'Scheduled'.
src/test/unit/ResultsTable.test.tsx(226,11): error TS2353: Object literal may only specify known properties, and 'schedule' does not exist in type 'StudentAvailability'.
src/test/unit/ResultsTable.test.tsx(232,30): error TS2353: Object literal may only specify known properties, and 'i' does not exist in type 'Time'.
src/test/unit/ResultsTable.test.tsx(232,51): error TS2353: Object literal may only specify known properties, and 'i' does not exist in type 'Time'.
src/test/unit/ResultsTable.test.tsx(237,11): error TS2353: Object literal may only specify known properties, and 'schedule' does not exist in type 'StudentAvailability'.
src/test/unit/ResultsTable.test.tsx(243,30): error TS2353: Object literal may only specify known properties, and 'i' does not exist in type 'Time'.
src/test/unit/ResultsTable.test.tsx(243,51): error TS2353: Object literal may only specify known properties, and 'i' does not exist in type 'Time'.
src/test/unit/ResultsTable.test.tsx(259,11): error TS2322: Type '{ student: { student: { name: string; email: string; lessonLength: 30; }; schedule: { [x: string]: { start: { hour: number; minute: number; }; end: { hour: number; minute: number; }; }[]; Monday: never[]; Tuesday: never[]; ... 4 more ...; Sunday: never[]; }; bsched: never[]; }; interval: { ...; }; }[]' is not assignable to type 'Scheduled[]'.
  Type '{ student: { student: { name: string; email: string; lessonLength: 30; }; schedule: { [x: string]: { start: { hour: number; minute: number; }; end: { hour: number; minute: number; }; }[]; Monday: never[]; Tuesday: never[]; ... 4 more ...; Sunday: never[]; }; bsched: never[]; }; interval: { ...; }; }' is not assignable to type 'Scheduled'.
    Types of property 'student' are incompatible.
      Property 'availability' is missing in type '{ student: { name: string; email: string; lessonLength: 30; }; schedule: { [x: string]: { start: { hour: number; minute: number; }; end: { hour: number; minute: number; }; }[]; Monday: never[]; Tuesday: never[]; Wednesday: never[]; Thursday: never[]; Friday: never[]; Saturday: never[]; Sunday: never[]; }; bsched: ne...' but required in type 'StudentAvailability'.
src/test/unit/ResultsTable.test.tsx(284,9): error TS2353: Object literal may only specify known properties, and 'schedule' does not exist in type 'StudentAvailability'.
src/test/unit/ResultsTable.test.tsx(290,28): error TS2353: Object literal may only specify known properties, and 'i' does not exist in type 'Time'.
src/test/unit/ResultsTable.test.tsx(290,49): error TS2353: Object literal may only specify known properties, and 'i' does not exist in type 'Time'.
src/test/unit/SendToStudentsDialog.test.tsx(55,18): error TS2739: Type '{ hour: number; minute: number; }' is missing the following properties from type 'Time': greaterThan, lessThan, geq, leq, equals
src/test/unit/SendToStudentsDialog.test.tsx(55,49): error TS2739: Type '{ hour: number; minute: number; }' is missing the following properties from type 'Time': greaterThan, lessThan, geq, leq, equals
src/test/unit/SetAvailabilityDialog.test.tsx(21,11): error TS2532: Object is possibly 'undefined'.
src/test/unit/SetAvailabilityDialog.test.tsx(22,11): error TS2532: Object is possibly 'undefined'.
src/test/unit/SetAvailabilityDialog.test.tsx(23,11): error TS2532: Object is possibly 'undefined'.
src/test/unit/SetAvailabilityDialog.test.tsx(24,11): error TS2532: Object is possibly 'undefined'.
src/test/unit/SetAvailabilityDialog.test.tsx(69,3): error TS2532: Object is possibly 'undefined'.
src/test/unit/SetAvailabilityDialog.test.tsx(227,5): error TS2532: Object is possibly 'undefined'.
src/test/unit/SetAvailabilityDialog.test.tsx(228,5): error TS2532: Object is possibly 'undefined'.
src/test/unit/SetAvailabilityDialog.test.tsx(269,5): error TS2532: Object is possibly 'undefined'.
src/test/unit/SetAvailabilityDialog.test.tsx(270,5): error TS2532: Object is possibly 'undefined'.
src/test/unit/SetAvailabilityDialog.test.tsx(271,5): error TS2532: Object is possibly 'undefined'.
src/test/unit/SetAvailabilityDialog.test.tsx(272,5): error TS2532: Object is possibly 'undefined'.
src/test/unit/SetAvailabilityDialog.test.tsx(274,5): error TS2532: Object is possibly 'undefined'.
src/test/unit/SetAvailabilityDialog.test.tsx(275,5): error TS2532: Object is possibly 'undefined'.
src/test/unit/SetAvailabilityDialog.test.tsx(277,5): error TS2532: Object is possibly 'undefined'.
src/test/unit/SetAvailabilityDialog.test.tsx(278,5): error TS2532: Object is possibly 'undefined'.
src/test/unit/SolveScheduleDialog.test.tsx(79,39): error TS2532: Object is possibly 'undefined'.
src/test/unit/SolveScheduleDialog.test.tsx(108,9): error TS2322: Type 'number' is not assignable to type '"30" | "60" | null'.
src/test/unit/SolveScheduleDialog.test.tsx(110,22): error TS2739: Type '{ hour: number; minute: number; }' is missing the following properties from type 'Time': greaterThan, lessThan, geq, leq, equals
src/test/unit/SolveScheduleDialog.test.tsx(110,54): error TS2739: Type '{ hour: number; minute: number; }' is missing the following properties from type 'Time': greaterThan, lessThan, geq, leq, equals
src/test/unit/SolveScheduleDialog.test.tsx(120,18): error TS2739: Type '{ hour: number; minute: number; }' is missing the following properties from type 'Time': greaterThan, lessThan, geq, leq, equals
src/test/unit/SolveScheduleDialog.test.tsx(120,49): error TS2739: Type '{ hour: number; minute: number; }' is missing the following properties from type 'Time': greaterThan, lessThan, geq, leq, equals
src/test/unit/SolveScheduleDialog.test.tsx(134,9): error TS2322: Type '{ studio: StudioWithStudents; setStudio: Mock<Procedure>; handleEvent: Mock<Procedure>; setSchedule: Mock<Procedure>; }' is not assignable to type 'IntrinsicAttributes & Props'.
  Property 'handleEvent' does not exist on type 'IntrinsicAttributes & Props'.
src/test/unit/SolveScheduleDialog.test.tsx(151,9): error TS2322: Type '{ owner_schedule: null; id: number; user_id: string | null; code: string; studio_name: string | null; events: Event[] | null; students: StudentSchema[]; }' is not assignable to type 'StudioWithStudents'.
  Type '{ owner_schedule: null; id: number; user_id: string | null; code: string; studio_name: string | null; events: Event[] | null; students: StudentSchema[]; }' is not assignable to type '{ owner_schedule: Schedule; }'.
    Types of property 'owner_schedule' are incompatible.
      Type 'null' is not assignable to type 'Schedule'.
src/test/unit/SolveScheduleDialog.test.tsx(173,9): error TS2322: Type '{ students: { schedule: null; id?: number | undefined; email?: string | undefined; first_name?: string | null | undefined; last_name?: string | null | undefined; studio_id?: number | null | undefined; lesson_length?: "30" | ... 2 more ... | undefined; }[]; ... 5 more ...; owner_schedule: Schedule; }' is not assignable to type 'StudioWithStudents'.
  Type '{ students: { schedule: null; id?: number | undefined; email?: string | undefined; first_name?: string | null | undefined; last_name?: string | null | undefined; studio_id?: number | null | undefined; lesson_length?: "30" | ... 2 more ... | undefined; }[]; ... 5 more ...; owner_schedule: Schedule; }' is not assignable to type '{ students: StudentSchema[]; }'.
    Types of property 'students' are incompatible.
      Type '{ schedule: null; id?: number | undefined; email?: string | undefined; first_name?: string | null | undefined; last_name?: string | null | undefined; studio_id?: number | null | undefined; lesson_length?: "30" | ... 2 more ... | undefined; }[]' is not assignable to type 'StudentSchema[]'.
        Type '{ schedule: null; id?: number | undefined; email?: string | undefined; first_name?: string | null | undefined; last_name?: string | null | undefined; studio_id?: number | null | undefined; lesson_length?: "30" | ... 2 more ... | undefined; }' is not assignable to type 'StudentSchema'.
          Type '{ schedule: null; id?: number | undefined; email?: string | undefined; first_name?: string | null | undefined; last_name?: string | null | undefined; studio_id?: number | null | undefined; lesson_length?: "30" | ... 2 more ... | undefined; }' is not assignable to type 'Omit<{ id: number; email: string; first_name: string | null; last_name: string | null; studio_id: number | null; schedule: unknown; lesson_length: "30" | "60" | null; }, "schedule">'.
            Types of property 'id' are incompatible.
              Type 'number | undefined' is not assignable to type 'number'.
                Type 'undefined' is not assignable to type 'number'.
src/test/unit/SolveScheduleDialog.test.tsx(189,9): error TS2322: Type '{ studio: StudioWithStudents; setStudio: Mock<Procedure>; handleEvent: Mock<Procedure>; setSchedule: Mock<Procedure>; }' is not assignable to type 'IntrinsicAttributes & Props'.
  Property 'handleEvent' does not exist on type 'IntrinsicAttributes & Props'.
src/test/unit/SolveScheduleDialog.test.tsx(208,9): error TS2322: Type '{ studio: StudioWithStudents; setStudio: Mock<Procedure>; handleEvent: Mock<Procedure>; setSchedule: Mock<Procedure>; }' is not assignable to type 'IntrinsicAttributes & Props'.
  Property 'handleEvent' does not exist on type 'IntrinsicAttributes & Props'.
src/test/unit/SolveScheduleDialog.test.tsx(230,9): error TS2322: Type '{ studio: StudioWithStudents; setStudio: Mock<Procedure>; handleEvent: Mock<Procedure>; setSchedule: Mock<Procedure>; }' is not assignable to type 'IntrinsicAttributes & Props'.
  Property 'handleEvent' does not exist on type 'IntrinsicAttributes & Props'.
src/test/unit/SolveScheduleDialog.test.tsx(259,9): error TS2322: Type '{ studio: StudioWithStudents; setStudio: Mock<Procedure>; handleEvent: Mock<Procedure>; setSchedule: Mock<Procedure>; }' is not assignable to type 'IntrinsicAttributes & Props'.
  Property 'handleEvent' does not exist on type 'IntrinsicAttributes & Props'.
src/test/unit/SolveScheduleDialog.test.tsx(297,44): error TS2345: Argument of type 'null' is not assignable to parameter of type 'FinalSchedule'.
src/test/unit/SolveScheduleDialog.test.tsx(306,9): error TS2322: Type '{ studio: StudioWithStudents; setStudio: Mock<Procedure>; handleEvent: Mock<Procedure>; setSchedule: Mock<Procedure>; }' is not assignable to type 'IntrinsicAttributes & Props'.
  Property 'handleEvent' does not exist on type 'IntrinsicAttributes & Props'.
src/test/unit/SolveScheduleDialog.test.tsx(339,9): error TS2322: Type '{ studio: StudioWithStudents; setStudio: Mock<Procedure>; handleEvent: Mock<Procedure>; setSchedule: Mock<Procedure>; }' is not assignable to type 'IntrinsicAttributes & Props'.
  Property 'handleEvent' does not exist on type 'IntrinsicAttributes & Props'.
src/test/unit/SolveScheduleDialog.test.tsx(366,9): error TS2322: Type '{ studio: StudioWithStudents; setStudio: Mock<Procedure>; handleEvent: Mock<Procedure>; setSchedule: Mock<Procedure>; }' is not assignable to type 'IntrinsicAttributes & Props'.
  Property 'handleEvent' does not exist on type 'IntrinsicAttributes & Props'.
src/test/unit/SolveScheduleDialog.test.tsx(379,39): error TS2352: Conversion of type '[students: StudentSchedule[], availability: Schedule, heuristics: Heuristics] | undefined' to type '[unknown[], boolean[][]]' may be a mistake because neither type sufficiently overlaps with the other. If this was intentional, convert the expression to 'unknown' first.
  Type '[students: StudentSchedule[], availability: Schedule, heuristics: Heuristics]' is not comparable to type '[unknown[], boolean[][]]'.
    Source has 3 element(s) but target allows only 2.
src/test/unit/SolveScheduleDialog.test.tsx(389,21): error TS2532: Object is possibly 'undefined'.
src/test/unit/SolveScheduleDialog.test.tsx(398,9): error TS2322: Type '{ studio: StudioWithStudents; setStudio: Mock<Procedure>; handleEvent: Mock<Procedure>; setSchedule: Mock<Procedure>; }' is not assignable to type 'IntrinsicAttributes & Props'.
  Property 'handleEvent' does not exist on type 'IntrinsicAttributes & Props'.
src/test/unit/SolveScheduleDialog.test.tsx(418,7): error TS2741: Property 'assignments' is missing in type 'Promise<unknown>' but required in type 'FinalSchedule'.
src/test/unit/SolveScheduleDialog.test.tsx(427,9): error TS2322: Type '{ studio: StudioWithStudents; setStudio: Mock<Procedure>; handleEvent: Mock<Procedure>; setSchedule: Mock<Procedure>; }' is not assignable to type 'IntrinsicAttributes & Props'.
  Property 'handleEvent' does not exist on type 'IntrinsicAttributes & Props'.
src/test/unit/StudentSchedule.test.tsx(24,11): error TS2532: Object is possibly 'undefined'.
src/test/unit/StudentSchedule.test.tsx(24,30): error TS2532: Object is possibly 'undefined'.
src/test/unit/StudentSchedule.test.tsx(75,5): error TS2353: Object literal may only specify known properties, and 'students_have_schedules' does not exist in type 'StudioSchema'.
src/test/unit/StudioCard.test.tsx(17,20): error TS2739: Type '{ hour: number; minute: number; }' is missing the following properties from type 'Time': greaterThan, lessThan, geq, leq, equals
src/test/unit/StudioCard.test.tsx(17,51): error TS2739: Type '{ hour: number; minute: number; }' is missing the following properties from type 'Time': greaterThan, lessThan, geq, leq, equals
src/test/unit/StudioCard.test.tsx(23,11): error TS2322: Type 'number' is not assignable to type 'string'.
src/test/unit/StudioCard.test.tsx(34,11): error TS2322: Type 'number' is not assignable to type 'string'.
src/test/unit/StudioCard.test.tsx(120,24): error TS2322: Type '{ owner_schedule: null; events: null; id: number; user_id: string | null; code: string; studio_name: string | null; students: DummyStudent[]; }' is not assignable to type 'StudioWithStudents'.
  Type '{ owner_schedule: null; events: null; id: number; user_id: string | null; code: string; studio_name: string | null; students: DummyStudent[]; }' is not assignable to type '{ owner_schedule: Schedule; }'.
    Types of property 'owner_schedule' are incompatible.
      Type 'null' is not assignable to type 'Schedule'.
src/test/unit/StudioCard.test.tsx(164,24): error TS2322: Type '{ students: { id: number; email: string; first_name: string; last_name: string; studio_id: number; lesson_length: "30"; schedule: { Monday: never[]; Tuesday: never[]; Wednesday: never[]; Thursday: never[]; Friday: never[]; Saturday: never[]; Sunday: never[]; }; }[]; ... 5 more ...; owner_schedule: Schedule; }' is not assignable to type 'StudioWithStudents'.
  Type '{ students: { id: number; email: string; first_name: string; last_name: string; studio_id: number; lesson_length: "30"; schedule: { Monday: never[]; Tuesday: never[]; Wednesday: never[]; Thursday: never[]; Friday: never[]; Saturday: never[]; Sunday: never[]; }; }[]; ... 5 more ...; owner_schedule: Schedule; }' is not assignable to type '{ students: DummyStudent[]; }'.
    Types of property 'students' are incompatible.
      Type '{ id: number; email: string; first_name: string; last_name: string; studio_id: number; lesson_length: "30"; schedule: { Monday: never[]; Tuesday: never[]; Wednesday: never[]; Thursday: never[]; Friday: never[]; Saturday: never[]; Sunday: never[]; }; }[]' is not assignable to type 'DummyStudent[]'.
        Type '{ id: number; email: string; first_name: string; last_name: string; studio_id: number; lesson_length: "30"; schedule: { Monday: never[]; Tuesday: never[]; Wednesday: never[]; Thursday: never[]; Friday: never[]; Saturday: never[]; Sunday: never[]; }; }' is not assignable to type 'DummyStudent'.
          Types of property 'id' are incompatible.
            Type 'number' is not assignable to type 'string'.
